  registry.c
C:\Users\olive\OneDrive\Documentos\EI\TP_SO2_2022_2023\TP_SO2_2022_2023\Servidor\registry.c(137,22): warning C4133: 'função': tipos incompatíveis - de 'unsigned short [10]' para 'const char *'
C:\Users\olive\OneDrive\Documentos\EI\TP_SO2_2022_2023\TP_SO2_2022_2023\Servidor\registry.c(137,59): warning C4133: 'função': tipos incompatíveis - de 'unsigned short [13]' para 'const char *'
C:\Users\olive\OneDrive\Documentos\EI\TP_SO2_2022_2023\TP_SO2_2022_2023\Servidor\registry.c(141,27): warning C4133: 'função': tipos incompatíveis - de 'unsigned short [10]' para 'const char *'
C:\Users\olive\OneDrive\Documentos\EI\TP_SO2_2022_2023\TP_SO2_2022_2023\Servidor\registry.c(166,27): warning C4133: 'função': tipos incompatíveis - de 'unsigned short [13]' para 'const char *'
C:\Users\olive\OneDrive\Documentos\EI\TP_SO2_2022_2023\TP_SO2_2022_2023\Servidor\registry.c(144,15): warning C4101: 'resultado': variável local não referenciada
C:\Users\olive\OneDrive\Documentos\EI\TP_SO2_2022_2023\TP_SO2_2022_2023\Servidor\registry.c(169,9): warning C4101: 'resultado': variável local não referenciada
  server.c
C:\Users\olive\OneDrive\Documentos\EI\TP_SO2_2022_2023\TP_SO2_2022_2023\Servidor\server.c(68,63): warning C4066: caracteres depois do primeiro em constante de caractere largo ignorados
C:\Users\olive\OneDrive\Documentos\EI\TP_SO2_2022_2023\TP_SO2_2022_2023\Servidor\server.c(69,63): warning C4066: caracteres depois do primeiro em constante de caractere largo ignorados
C:\Users\olive\OneDrive\Documentos\EI\TP_SO2_2022_2023\TP_SO2_2022_2023\Servidor\server.c(183,40): warning C4244: '=': conversão de 'double' para 'int', possível perda de dados
C:\Users\olive\OneDrive\Documentos\EI\TP_SO2_2022_2023\TP_SO2_2022_2023\Servidor\server.c(240,40): warning C4244: '=': conversão de 'double' para 'int', possível perda de dados
C:\Users\olive\OneDrive\Documentos\EI\TP_SO2_2022_2023\TP_SO2_2022_2023\Servidor\server.c(552,11): warning C4047: 'inicializando': 'TCHAR' difere em níveis de indireção de 'TCHAR *'
C:\Users\olive\OneDrive\Documentos\EI\TP_SO2_2022_2023\TP_SO2_2022_2023\Servidor\server.c(553,11): warning C4047: 'inicializando': 'TCHAR' difere em níveis de indireção de 'TCHAR *'
C:\Users\olive\OneDrive\Documentos\EI\TP_SO2_2022_2023\TP_SO2_2022_2023\Servidor\server.c(492,8): warning C4101: 'command': variável local não referenciada
C:\Users\olive\OneDrive\Documentos\EI\TP_SO2_2022_2023\TP_SO2_2022_2023\Servidor\server.c(585,15): warning C4133: 'inicializando': tipos incompatíveis - de 'Data *' para 'ThreadDados *'
C:\Users\olive\OneDrive\Documentos\EI\TP_SO2_2022_2023\TP_SO2_2022_2023\Servidor\server.c(633,9): warning C4244: 'função': conversão de 'time_t' para 'unsigned int', possível perda de dados
C:\Users\olive\OneDrive\Documentos\EI\TP_SO2_2022_2023\TP_SO2_2022_2023\Servidor\server.c(681,31): warning C4133: 'função': tipos incompatíveis - de 'unsigned short [10]' para 'char *'
C:\Users\olive\OneDrive\Documentos\EI\TP_SO2_2022_2023\TP_SO2_2022_2023\Servidor\server.c(690,26): warning C4133: 'função': tipos incompatíveis - de 'unsigned short [13]' para 'char *'
C:\Users\olive\OneDrive\Documentos\EI\TP_SO2_2022_2023\TP_SO2_2022_2023\Servidor\server.c(785,13): warning C4133: 'função': tipos incompatíveis - de 'char [40]' para 'const wchar_t *const '
C:\Users\olive\OneDrive\Documentos\EI\TP_SO2_2022_2023\TP_SO2_2022_2023\Servidor\server.c(616,9): warning C4101: 'hPipe': variável local não referenciada
C:\Users\olive\OneDrive\Documentos\EI\TP_SO2_2022_2023\TP_SO2_2022_2023\Servidor\server.c(615,9): warning C4101: 'hEventTemp': variável local não referenciada
  Gerando Código...
C:\Users\olive\OneDrive\Documentos\EI\TP_SO2_2022_2023\TP_SO2_2022_2023\Servidor\server.c(318): warning C4716: 'placeCar': deve retornar um valor
C:\Users\olive\OneDrive\Documentos\EI\TP_SO2_2022_2023\TP_SO2_2022_2023\Servidor\server.c(295): warning C4716: 'game_verifications': deve retornar um valor
C:\Users\olive\OneDrive\Documentos\EI\TP_SO2_2022_2023\TP_SO2_2022_2023\Servidor\server.c(383): warning C4716: 'runCar': deve retornar um valor
C:\Users\olive\OneDrive\Documentos\EI\TP_SO2_2022_2023\TP_SO2_2022_2023\Servidor\server.c(468): warning C4715: 'server_manager': nem todos os caminhos de controle retornam um valor
C:\Users\olive\OneDrive\Documentos\EI\TP_SO2_2022_2023\TP_SO2_2022_2023\Servidor\registry.c(191): warning C4715: 'readRegistry': nem todos os caminhos de controle retornam um valor
  LINK : C:\Users\olive\OneDrive\Documentos\EI\TP_SO2_2022_2023\TP_SO2_2022_2023\x64\Debug\Server.exe não encontrado ou não compilado pelo o último link incremental; executando link completo
  Servidor.vcxproj -> C:\Users\olive\OneDrive\Documentos\EI\TP_SO2_2022_2023\TP_SO2_2022_2023\x64\Debug\Server.exe
